2025/04/26 16:26:00 [error] 38#38: *1 open() "/home/node/public_html/doc/index.html" failed (2: No such file or directory), client: 172.18.0.1, server: , request: "GET /doc/index.html HTTP/1.1", host: "localhost"
2025/04/26 16:32:15 [error] 38#38: *1 open() "/home/node/public_htm/doc/index.html" failed (2: No such file or directory), client: 172.18.0.1, server: , request: "GET /doc/index.html HTTP/1.1", host: "localhost"
2025/04/26 16:37:13 [error] 38#38: *1 open() "/home/node/public_htmindex.html" failed (2: No such file or directory), client: 172.18.0.1, server: , request: "GET /doc/index.html HTTP/1.1", host: "localhost"
2025/04/26 16:46:51 [error] 38#38: *1 "/home/node/doc/public_html/index.html" is not found (2: No such file or directory), client: 172.18.0.1, server: , request: "GET /doc/ HTTP/1.1", host: "localhost"
2025/04/26 16:48:00 [error] 38#38: *1 "/home/node/doc/public_html/index.html" is not found (2: No such file or directory), client: 172.18.0.1, server: , request: "GET /doc/ HTTP/1.1", host: "localhost"
2025/04/26 16:48:39 [notice] 1#1: using the "epoll" event method
2025/04/26 16:48:39 [notice] 1#1: nginx/1.27.5
2025/04/26 16:48:39 [notice] 1#1: built by gcc 12.2.0 (Debian 12.2.0-14) 
2025/04/26 16:48:39 [notice] 1#1: OS: Linux 5.15.167.4-microsoft-standard-WSL2
2025/04/26 16:48:39 [notice] 1#1: getrlimit(RLIMIT_NOFILE): 1048576:1048576
2025/04/26 16:48:39 [notice] 1#1: start worker processes
2025/04/26 16:48:39 [notice] 1#1: start worker process 38
2025/04/26 16:48:39 [notice] 1#1: start worker process 39
2025/04/26 16:48:39 [notice] 1#1: start worker process 40
2025/04/26 16:48:39 [notice] 1#1: start worker process 41
2025/04/26 16:48:39 [notice] 1#1: start worker process 42
2025/04/26 16:48:39 [notice] 1#1: start worker process 43
2025/04/26 16:48:39 [notice] 1#1: start worker process 44
2025/04/26 16:48:39 [notice] 1#1: start worker process 45
2025/04/26 16:48:39 [notice] 1#1: start worker process 46
2025/04/26 16:48:39 [notice] 1#1: start worker process 47
2025/04/26 16:48:39 [notice] 1#1: start worker process 48
2025/04/26 16:48:39 [notice] 1#1: start worker process 49
2025/04/26 16:48:39 [notice] 1#1: start worker process 50
2025/04/26 16:48:39 [notice] 1#1: start worker process 51
2025/04/26 16:48:39 [notice] 1#1: start worker process 52
2025/04/26 16:48:39 [notice] 1#1: start worker process 53
2025/04/26 16:53:15 [notice] 1#1: signal 3 (SIGQUIT) received, shutting down
2025/04/26 16:53:15 [notice] 38#38: gracefully shutting down
2025/04/26 16:53:15 [notice] 49#49: gracefully shutting down
2025/04/26 16:53:15 [notice] 39#39: gracefully shutting down
2025/04/26 16:53:15 [notice] 40#40: gracefully shutting down
2025/04/26 16:53:15 [notice] 41#41: gracefully shutting down
2025/04/26 16:53:15 [notice] 42#42: gracefully shutting down
2025/04/26 16:53:15 [notice] 44#44: gracefully shutting down
2025/04/26 16:53:15 [notice] 43#43: gracefully shutting down
2025/04/26 16:53:15 [notice] 46#46: gracefully shutting down
2025/04/26 16:53:15 [notice] 47#47: gracefully shutting down
2025/04/26 16:53:15 [notice] 48#48: gracefully shutting down
2025/04/26 16:53:15 [notice] 50#50: gracefully shutting down
2025/04/26 16:53:15 [notice] 51#51: gracefully shutting down
2025/04/26 16:53:15 [notice] 38#38: exiting
2025/04/26 16:53:15 [notice] 45#45: gracefully shutting down
2025/04/26 16:53:15 [notice] 52#52: gracefully shutting down
2025/04/26 16:53:15 [notice] 53#53: gracefully shutting down
2025/04/26 16:53:15 [notice] 49#49: exiting
2025/04/26 16:53:15 [notice] 53#53: exiting
2025/04/26 16:53:15 [notice] 39#39: exiting
2025/04/26 16:53:15 [notice] 40#40: exiting
2025/04/26 16:53:15 [notice] 41#41: exiting
2025/04/26 16:53:15 [notice] 42#42: exiting
2025/04/26 16:53:15 [notice] 44#44: exiting
2025/04/26 16:53:15 [notice] 43#43: exiting
2025/04/26 16:53:15 [notice] 46#46: exiting
2025/04/26 16:53:15 [notice] 47#47: exiting
2025/04/26 16:53:15 [notice] 48#48: exiting
2025/04/26 16:53:15 [notice] 50#50: exiting
2025/04/26 16:53:15 [notice] 51#51: exiting
2025/04/26 16:53:15 [notice] 38#38: exit
2025/04/26 16:53:15 [notice] 45#45: exiting
2025/04/26 16:53:15 [notice] 52#52: exiting
2025/04/26 16:53:15 [notice] 49#49: exit
2025/04/26 16:53:15 [notice] 53#53: exit
2025/04/26 16:53:15 [notice] 39#39: exit
2025/04/26 16:53:15 [notice] 40#40: exit
2025/04/26 16:53:15 [notice] 41#41: exit
2025/04/26 16:53:15 [notice] 42#42: exit
2025/04/26 16:53:15 [notice] 44#44: exit
2025/04/26 16:53:15 [notice] 43#43: exit
2025/04/26 16:53:15 [notice] 46#46: exit
2025/04/26 16:53:15 [notice] 47#47: exit
2025/04/26 16:53:15 [notice] 48#48: exit
2025/04/26 16:53:15 [notice] 50#50: exit
2025/04/26 16:53:15 [notice] 51#51: exit
2025/04/26 16:53:15 [notice] 45#45: exit
2025/04/26 16:53:15 [notice] 52#52: exit
2025/04/26 16:53:15 [notice] 1#1: signal 17 (SIGCHLD) received from 46
2025/04/26 16:53:15 [notice] 1#1: worker process 38 exited with code 0
2025/04/26 16:53:15 [notice] 1#1: worker process 39 exited with code 0
2025/04/26 16:53:15 [notice] 1#1: worker process 46 exited with code 0
2025/04/26 16:53:15 [notice] 1#1: signal 29 (SIGIO) received
2025/04/26 16:53:15 [notice] 1#1: signal 17 (SIGCHLD) received from 48
2025/04/26 16:53:15 [notice] 1#1: worker process 40 exited with code 0
2025/04/26 16:53:15 [notice] 1#1: worker process 42 exited with code 0
2025/04/26 16:53:15 [notice] 1#1: worker process 43 exited with code 0
2025/04/26 16:53:15 [notice] 1#1: worker process 44 exited with code 0
2025/04/26 16:53:15 [notice] 1#1: worker process 47 exited with code 0
2025/04/26 16:53:15 [notice] 1#1: worker process 48 exited with code 0
2025/04/26 16:53:15 [notice] 1#1: worker process 49 exited with code 0
2025/04/26 16:53:15 [notice] 1#1: worker process 50 exited with code 0
2025/04/26 16:53:15 [notice] 1#1: worker process 51 exited with code 0
2025/04/26 16:53:15 [notice] 1#1: worker process 52 exited with code 0
2025/04/26 16:53:15 [notice] 1#1: signal 29 (SIGIO) received
2025/04/26 16:53:15 [notice] 1#1: signal 17 (SIGCHLD) received from 44
2025/04/26 16:53:15 [notice] 1#1: signal 17 (SIGCHLD) received from 45
2025/04/26 16:53:15 [notice] 1#1: worker process 45 exited with code 0
2025/04/26 16:53:15 [notice] 1#1: worker process 53 exited with code 0
2025/04/26 16:53:15 [notice] 1#1: signal 29 (SIGIO) received
2025/04/26 16:53:15 [notice] 1#1: signal 17 (SIGCHLD) received from 53
2025/04/26 16:53:16 [notice] 1#1: signal 17 (SIGCHLD) received from 41
2025/04/26 16:53:16 [notice] 1#1: worker process 41 exited with code 0
2025/04/26 16:53:16 [notice] 1#1: exit
2025/04/26 22:08:56 [emerg] 1#1: host not found in "${NGINX_PORT}" of the "listen" directive in /etc/nginx/nginx.conf:5
2025/04/26 22:08:58 [emerg] 1#1: host not found in "${NGINX_PORT}" of the "listen" directive in /etc/nginx/nginx.conf:5
2025/04/26 22:09:00 [emerg] 1#1: host not found in "${NGINX_PORT}" of the "listen" directive in /etc/nginx/nginx.conf:5
2025/04/26 22:09:01 [emerg] 1#1: host not found in "${NGINX_PORT}" of the "listen" directive in /etc/nginx/nginx.conf:5
2025/04/26 22:09:03 [emerg] 1#1: host not found in "${NGINX_PORT}" of the "listen" directive in /etc/nginx/nginx.conf:5
2025/04/26 22:09:05 [emerg] 1#1: host not found in "${NGINX_PORT}" of the "listen" directive in /etc/nginx/nginx.conf:5
2025/04/26 22:09:09 [emerg] 1#1: host not found in "${NGINX_PORT}" of the "listen" directive in /etc/nginx/nginx.conf:5
2025/04/26 22:09:16 [emerg] 1#1: host not found in "${NGINX_PORT}" of the "listen" directive in /etc/nginx/nginx.conf:5
2025/04/26 22:09:30 [emerg] 1#1: host not found in "${NGINX_PORT}" of the "listen" directive in /etc/nginx/nginx.conf:5
2025/04/26 22:09:56 [emerg] 1#1: host not found in "${NGINX_PORT}" of the "listen" directive in /etc/nginx/nginx.conf:5
2025/04/26 22:10:48 [emerg] 1#1: host not found in "${NGINX_PORT}" of the "listen" directive in /etc/nginx/nginx.conf:5
2025/04/26 22:11:49 [emerg] 1#1: host not found in "${NGINX_PORT}" of the "listen" directive in /etc/nginx/nginx.conf:5
2025/04/26 22:13:51 [emerg] 1#1: host not found in "${NGINX_PORT}" of the "listen" directive in /etc/nginx/nginx.conf:5
2025/04/26 22:13:52 [emerg] 1#1: host not found in "${NGINX_PORT}" of the "listen" directive in /etc/nginx/nginx.conf:5
2025/04/26 22:13:54 [emerg] 1#1: host not found in "${NGINX_PORT}" of the "listen" directive in /etc/nginx/nginx.conf:5
2025/04/26 22:13:55 [emerg] 1#1: host not found in "${NGINX_PORT}" of the "listen" directive in /etc/nginx/nginx.conf:5
2025/04/26 22:13:57 [emerg] 1#1: host not found in "${NGINX_PORT}" of the "listen" directive in /etc/nginx/nginx.conf:5
2025/04/26 22:13:59 [emerg] 1#1: host not found in "${NGINX_PORT}" of the "listen" directive in /etc/nginx/nginx.conf:5
2025/04/26 22:14:03 [emerg] 1#1: host not found in "${NGINX_PORT}" of the "listen" directive in /etc/nginx/nginx.conf:5
2025/04/26 22:14:10 [emerg] 1#1: host not found in "${NGINX_PORT}" of the "listen" directive in /etc/nginx/nginx.conf:5
2025/04/26 22:14:23 [emerg] 1#1: host not found in "${NGINX_PORT}" of the "listen" directive in /etc/nginx/nginx.conf:5
2025/04/26 22:14:50 [emerg] 1#1: host not found in "${NGINX_PORT}" of the "listen" directive in /etc/nginx/nginx.conf:5
2025/04/26 22:15:42 [emerg] 1#1: host not found in "${NGINX_PORT}" of the "listen" directive in /etc/nginx/nginx.conf:5
2025/04/26 22:16:43 [emerg] 1#1: host not found in "${NGINX_PORT}" of the "listen" directive in /etc/nginx/nginx.conf:5
2025/04/26 22:17:44 [emerg] 1#1: host not found in "${NGINX_PORT}" of the "listen" directive in /etc/nginx/nginx.conf:5
2025/04/26 22:18:44 [emerg] 1#1: host not found in "${NGINX_PORT}" of the "listen" directive in /etc/nginx/nginx.conf:5
2025/04/26 22:19:45 [emerg] 1#1: host not found in "${NGINX_PORT}" of the "listen" directive in /etc/nginx/nginx.conf:5
2025/04/26 22:20:46 [emerg] 1#1: host not found in "${NGINX_PORT}" of the "listen" directive in /etc/nginx/nginx.conf:5
2025/04/26 22:21:47 [emerg] 1#1: host not found in "${NGINX_PORT}" of the "listen" directive in /etc/nginx/nginx.conf:5
2025/04/26 22:22:48 [emerg] 1#1: host not found in "${NGINX_PORT}" of the "listen" directive in /etc/nginx/nginx.conf:5
2025/04/26 22:23:48 [emerg] 1#1: host not found in "${NGINX_PORT}" of the "listen" directive in /etc/nginx/nginx.conf:5
2025/04/26 22:24:49 [emerg] 1#1: host not found in "${NGINX_PORT}" of the "listen" directive in /etc/nginx/nginx.conf:5
2025/04/26 22:25:50 [emerg] 1#1: host not found in "${NGINX_PORT}" of the "listen" directive in /etc/nginx/nginx.conf:5
2025/04/26 22:26:50 [emerg] 1#1: host not found in "${NGINX_PORT}" of the "listen" directive in /etc/nginx/nginx.conf:5
2025/04/26 22:27:51 [emerg] 1#1: host not found in "${NGINX_PORT}" of the "listen" directive in /etc/nginx/nginx.conf:5
2025/04/26 22:28:52 [emerg] 1#1: host not found in "${NGINX_PORT}" of the "listen" directive in /etc/nginx/nginx.conf:5
2025/04/26 22:29:53 [emerg] 1#1: host not found in "${NGINX_PORT}" of the "listen" directive in /etc/nginx/nginx.conf:5
2025/04/26 22:30:53 [emerg] 1#1: host not found in "${NGINX_PORT}" of the "listen" directive in /etc/nginx/nginx.conf:5
2025/04/26 22:31:54 [emerg] 1#1: host not found in "${NGINX_PORT}" of the "listen" directive in /etc/nginx/nginx.conf:5
2025/04/26 22:32:55 [emerg] 1#1: host not found in "${NGINX_PORT}" of the "listen" directive in /etc/nginx/nginx.conf:5
2025/04/26 22:33:56 [emerg] 1#1: host not found in "${NGINX_PORT}" of the "listen" directive in /etc/nginx/nginx.conf:5
2025/04/26 22:35:38 [emerg] 1#1: host not found in "${NGINX_PORT}" of the "listen" directive in /etc/nginx/nginx.conf:5
2025/04/26 22:35:39 [emerg] 1#1: host not found in "${NGINX_PORT}" of the "listen" directive in /etc/nginx/nginx.conf:5
2025/04/26 22:35:41 [emerg] 1#1: host not found in "${NGINX_PORT}" of the "listen" directive in /etc/nginx/nginx.conf:5
2025/04/26 22:35:42 [emerg] 1#1: host not found in "${NGINX_PORT}" of the "listen" directive in /etc/nginx/nginx.conf:5
2025/04/26 22:35:44 [emerg] 1#1: host not found in "${NGINX_PORT}" of the "listen" directive in /etc/nginx/nginx.conf:5
2025/04/26 22:35:46 [emerg] 1#1: host not found in "${NGINX_PORT}" of the "listen" directive in /etc/nginx/nginx.conf:5
2025/04/26 22:35:50 [emerg] 1#1: host not found in "${NGINX_PORT}" of the "listen" directive in /etc/nginx/nginx.conf:5
2025/04/26 22:35:57 [emerg] 1#1: host not found in "${NGINX_PORT}" of the "listen" directive in /etc/nginx/nginx.conf:5
2025/04/26 22:36:11 [emerg] 1#1: host not found in "${NGINX_PORT}" of the "listen" directive in /etc/nginx/nginx.conf:5
2025/04/26 22:36:37 [emerg] 1#1: host not found in "${NGINX_PORT}" of the "listen" directive in /etc/nginx/nginx.conf:5
2025/04/26 22:37:29 [emerg] 1#1: host not found in "${NGINX_PORT}" of the "listen" directive in /etc/nginx/nginx.conf:5
2025/04/26 22:38:30 [emerg] 1#1: host not found in "${NGINX_PORT}" of the "listen" directive in /etc/nginx/nginx.conf:5
2025/04/26 22:39:31 [emerg] 1#1: host not found in "${NGINX_PORT}" of the "listen" directive in /etc/nginx/nginx.conf:5
2025/04/26 22:40:31 [emerg] 1#1: host not found in "${NGINX_PORT}" of the "listen" directive in /etc/nginx/nginx.conf:5
2025/04/26 22:41:32 [emerg] 1#1: host not found in "${NGINX_PORT}" of the "listen" directive in /etc/nginx/nginx.conf:5
2025/04/26 22:42:32 [emerg] 1#1: host not found in "${NGINX_PORT}" of the "listen" directive in /etc/nginx/nginx.conf:5
2025/04/26 22:43:33 [emerg] 1#1: host not found in "${NGINX_PORT}" of the "listen" directive in /etc/nginx/nginx.conf:5
2025/04/26 22:44:34 [emerg] 1#1: host not found in "${NGINX_PORT}" of the "listen" directive in /etc/nginx/nginx.conf:5
2025/04/26 22:45:34 [emerg] 1#1: host not found in "${NGINX_PORT}" of the "listen" directive in /etc/nginx/nginx.conf:5
2025/04/26 22:46:35 [emerg] 1#1: host not found in "${NGINX_PORT}" of the "listen" directive in /etc/nginx/nginx.conf:5
2025/04/26 22:47:35 [emerg] 1#1: host not found in "${NGINX_PORT}" of the "listen" directive in /etc/nginx/nginx.conf:5
2025/04/26 22:48:36 [emerg] 1#1: host not found in "${NGINX_PORT}" of the "listen" directive in /etc/nginx/nginx.conf:5
2025/04/26 22:49:36 [emerg] 1#1: host not found in "${NGINX_PORT}" of the "listen" directive in /etc/nginx/nginx.conf:5
2025/04/26 22:50:37 [emerg] 1#1: host not found in "${NGINX_PORT}" of the "listen" directive in /etc/nginx/nginx.conf:5
2025/04/26 22:51:38 [emerg] 1#1: host not found in "${NGINX_PORT}" of the "listen" directive in /etc/nginx/nginx.conf:5
2025/04/26 22:52:38 [emerg] 1#1: host not found in "${NGINX_PORT}" of the "listen" directive in /etc/nginx/nginx.conf:5
2025/04/26 22:53:39 [emerg] 1#1: host not found in "${NGINX_PORT}" of the "listen" directive in /etc/nginx/nginx.conf:5
2025/04/26 22:54:39 [emerg] 1#1: host not found in "${NGINX_PORT}" of the "listen" directive in /etc/nginx/nginx.conf:5
2025/04/26 22:55:40 [emerg] 1#1: host not found in "${NGINX_PORT}" of the "listen" directive in /etc/nginx/nginx.conf:5
2025/04/26 22:56:40 [emerg] 1#1: host not found in "${NGINX_PORT}" of the "listen" directive in /etc/nginx/nginx.conf:5
2025/04/26 22:57:41 [emerg] 1#1: host not found in "${NGINX_PORT}" of the "listen" directive in /etc/nginx/nginx.conf:5
2025/04/26 22:58:41 [emerg] 1#1: host not found in "${NGINX_PORT}" of the "listen" directive in /etc/nginx/nginx.conf:5
2025/04/26 22:59:42 [emerg] 1#1: host not found in "${NGINX_PORT}" of the "listen" directive in /etc/nginx/nginx.conf:5
2025/04/26 23:00:43 [emerg] 1#1: host not found in "${NGINX_PORT}" of the "listen" directive in /etc/nginx/nginx.conf:5
2025/04/26 23:01:43 [emerg] 1#1: host not found in "${NGINX_PORT}" of the "listen" directive in /etc/nginx/nginx.conf:5
2025/04/26 23:02:44 [emerg] 1#1: host not found in "${NGINX_PORT}" of the "listen" directive in /etc/nginx/nginx.conf:5
2025/04/26 23:03:44 [emerg] 1#1: host not found in "${NGINX_PORT}" of the "listen" directive in /etc/nginx/nginx.conf:5
2025/04/26 23:04:45 [emerg] 1#1: host not found in "${NGINX_PORT}" of the "listen" directive in /etc/nginx/nginx.conf:5
2025/04/26 23:05:45 [emerg] 1#1: host not found in "${NGINX_PORT}" of the "listen" directive in /etc/nginx/nginx.conf:5
2025/04/26 23:06:46 [emerg] 1#1: host not found in "${NGINX_PORT}" of the "listen" directive in /etc/nginx/nginx.conf:5
2025/04/26 23:07:47 [emerg] 1#1: host not found in "${NGINX_PORT}" of the "listen" directive in /etc/nginx/nginx.conf:5
2025/04/26 23:08:47 [emerg] 1#1: host not found in "${NGINX_PORT}" of the "listen" directive in /etc/nginx/nginx.conf:5
2025/04/26 23:09:48 [emerg] 1#1: host not found in "${NGINX_PORT}" of the "listen" directive in /etc/nginx/nginx.conf:5
2025/04/26 23:10:48 [emerg] 1#1: host not found in "${NGINX_PORT}" of the "listen" directive in /etc/nginx/nginx.conf:5
2025/04/26 23:11:49 [emerg] 1#1: host not found in "${NGINX_PORT}" of the "listen" directive in /etc/nginx/nginx.conf:5
2025/04/26 23:12:49 [emerg] 1#1: host not found in "${NGINX_PORT}" of the "listen" directive in /etc/nginx/nginx.conf:5
2025/04/26 23:13:50 [emerg] 1#1: host not found in "${NGINX_PORT}" of the "listen" directive in /etc/nginx/nginx.conf:5
2025/04/26 23:14:51 [emerg] 1#1: host not found in "${NGINX_PORT}" of the "listen" directive in /etc/nginx/nginx.conf:5
2025/04/26 23:15:51 [emerg] 1#1: host not found in "${NGINX_PORT}" of the "listen" directive in /etc/nginx/nginx.conf:5
2025/04/26 23:16:52 [emerg] 1#1: host not found in "${NGINX_PORT}" of the "listen" directive in /etc/nginx/nginx.conf:5
2025/04/26 23:17:52 [emerg] 1#1: host not found in "${NGINX_PORT}" of the "listen" directive in /etc/nginx/nginx.conf:5
2025/04/26 23:18:53 [emerg] 1#1: host not found in "${NGINX_PORT}" of the "listen" directive in /etc/nginx/nginx.conf:5
2025/04/26 23:19:54 [emerg] 1#1: host not found in "${NGINX_PORT}" of the "listen" directive in /etc/nginx/nginx.conf:5
2025/04/26 23:20:54 [emerg] 1#1: host not found in "${NGINX_PORT}" of the "listen" directive in /etc/nginx/nginx.conf:5
2025/04/26 23:21:55 [emerg] 1#1: host not found in "${NGINX_PORT}" of the "listen" directive in /etc/nginx/nginx.conf:5
2025/04/26 23:35:46 [emerg] 1#1: host not found in "${NGINX_PORT}" of the "listen" directive in /etc/nginx/nginx.conf:5
2025/04/26 23:36:47 [emerg] 1#1: host not found in "${NGINX_PORT}" of the "listen" directive in /etc/nginx/nginx.conf:5
2025/04/26 23:37:47 [emerg] 1#1: host not found in "${NGINX_PORT}" of the "listen" directive in /etc/nginx/nginx.conf:5
2025/04/26 23:38:48 [emerg] 1#1: host not found in "${NGINX_PORT}" of the "listen" directive in /etc/nginx/nginx.conf:5
2025/04/26 23:39:48 [emerg] 1#1: host not found in "${NGINX_PORT}" of the "listen" directive in /etc/nginx/nginx.conf:5
2025/04/26 23:40:49 [emerg] 1#1: host not found in "${NGINX_PORT}" of the "listen" directive in /etc/nginx/nginx.conf:5
2025/04/26 23:41:49 [emerg] 1#1: host not found in "${NGINX_PORT}" of the "listen" directive in /etc/nginx/nginx.conf:5
2025/04/26 23:42:50 [emerg] 1#1: host not found in "${NGINX_PORT}" of the "listen" directive in /etc/nginx/nginx.conf:5
2025/04/26 23:43:50 [emerg] 1#1: host not found in "${NGINX_PORT}" of the "listen" directive in /etc/nginx/nginx.conf:5
2025/04/26 23:44:51 [emerg] 1#1: host not found in "${NGINX_PORT}" of the "listen" directive in /etc/nginx/nginx.conf:5
2025/04/26 23:45:52 [emerg] 1#1: host not found in "${NGINX_PORT}" of the "listen" directive in /etc/nginx/nginx.conf:5
2025/04/26 23:46:52 [emerg] 1#1: host not found in "${NGINX_PORT}" of the "listen" directive in /etc/nginx/nginx.conf:5
2025/04/26 23:47:53 [emerg] 1#1: host not found in "${NGINX_PORT}" of the "listen" directive in /etc/nginx/nginx.conf:5
2025/04/26 23:48:53 [emerg] 1#1: host not found in "${NGINX_PORT}" of the "listen" directive in /etc/nginx/nginx.conf:5
2025/04/26 23:49:54 [emerg] 1#1: host not found in "${NGINX_PORT}" of the "listen" directive in /etc/nginx/nginx.conf:5
2025/04/26 23:50:54 [emerg] 1#1: host not found in "${NGINX_PORT}" of the "listen" directive in /etc/nginx/nginx.conf:5
2025/04/26 23:51:55 [emerg] 1#1: host not found in "${NGINX_PORT}" of the "listen" directive in /etc/nginx/nginx.conf:5
2025/04/26 23:52:56 [emerg] 1#1: host not found in "${NGINX_PORT}" of the "listen" directive in /etc/nginx/nginx.conf:5
2025/04/26 23:53:56 [emerg] 1#1: host not found in "${NGINX_PORT}" of the "listen" directive in /etc/nginx/nginx.conf:5
2025/04/26 23:54:57 [emerg] 1#1: host not found in "${NGINX_PORT}" of the "listen" directive in /etc/nginx/nginx.conf:5
2025/04/26 23:55:57 [emerg] 1#1: host not found in "${NGINX_PORT}" of the "listen" directive in /etc/nginx/nginx.conf:5
2025/04/26 23:56:58 [emerg] 1#1: host not found in "${NGINX_PORT}" of the "listen" directive in /etc/nginx/nginx.conf:5
2025/04/26 23:57:59 [emerg] 1#1: host not found in "${NGINX_PORT}" of the "listen" directive in /etc/nginx/nginx.conf:5
2025/04/26 23:58:59 [emerg] 1#1: host not found in "${NGINX_PORT}" of the "listen" directive in /etc/nginx/nginx.conf:5
2025/04/27 00:00:00 [emerg] 1#1: host not found in "${NGINX_PORT}" of the "listen" directive in /etc/nginx/nginx.conf:5
2025/04/27 00:01:00 [emerg] 1#1: host not found in "${NGINX_PORT}" of the "listen" directive in /etc/nginx/nginx.conf:5
2025/04/27 00:02:01 [emerg] 1#1: host not found in "${NGINX_PORT}" of the "listen" directive in /etc/nginx/nginx.conf:5
2025/04/27 00:03:01 [emerg] 1#1: host not found in "${NGINX_PORT}" of the "listen" directive in /etc/nginx/nginx.conf:5
2025/04/27 00:04:02 [emerg] 1#1: host not found in "${NGINX_PORT}" of the "listen" directive in /etc/nginx/nginx.conf:5
2025/04/27 00:05:03 [emerg] 1#1: host not found in "${NGINX_PORT}" of the "listen" directive in /etc/nginx/nginx.conf:5
2025/04/27 00:06:03 [emerg] 1#1: host not found in "${NGINX_PORT}" of the "listen" directive in /etc/nginx/nginx.conf:5
2025/04/27 00:07:04 [emerg] 1#1: host not found in "${NGINX_PORT}" of the "listen" directive in /etc/nginx/nginx.conf:5
2025/04/27 00:08:04 [emerg] 1#1: host not found in "${NGINX_PORT}" of the "listen" directive in /etc/nginx/nginx.conf:5
2025/04/27 00:09:05 [emerg] 1#1: host not found in "${NGINX_PORT}" of the "listen" directive in /etc/nginx/nginx.conf:5
2025/04/27 00:10:06 [emerg] 1#1: host not found in "${NGINX_PORT}" of the "listen" directive in /etc/nginx/nginx.conf:5
2025/04/27 00:11:07 [emerg] 1#1: host not found in "${NGINX_PORT}" of the "listen" directive in /etc/nginx/nginx.conf:5
2025/04/27 00:12:07 [emerg] 1#1: host not found in "${NGINX_PORT}" of the "listen" directive in /etc/nginx/nginx.conf:5
2025/04/27 00:13:08 [emerg] 1#1: host not found in "${NGINX_PORT}" of the "listen" directive in /etc/nginx/nginx.conf:5
2025/04/27 00:14:08 [emerg] 1#1: host not found in "${NGINX_PORT}" of the "listen" directive in /etc/nginx/nginx.conf:5
2025/04/27 00:15:09 [emerg] 1#1: host not found in "${NGINX_PORT}" of the "listen" directive in /etc/nginx/nginx.conf:5
2025/04/27 00:16:09 [emerg] 1#1: host not found in "${NGINX_PORT}" of the "listen" directive in /etc/nginx/nginx.conf:5
2025/04/27 00:17:10 [emerg] 1#1: host not found in "${NGINX_PORT}" of the "listen" directive in /etc/nginx/nginx.conf:5
2025/04/27 00:18:11 [emerg] 1#1: host not found in "${NGINX_PORT}" of the "listen" directive in /etc/nginx/nginx.conf:5
2025/04/27 00:19:11 [emerg] 1#1: host not found in "${NGINX_PORT}" of the "listen" directive in /etc/nginx/nginx.conf:5
2025/04/27 00:20:12 [emerg] 1#1: host not found in "${NGINX_PORT}" of the "listen" directive in /etc/nginx/nginx.conf:5
2025/04/27 00:21:12 [emerg] 1#1: host not found in "${NGINX_PORT}" of the "listen" directive in /etc/nginx/nginx.conf:5
2025/04/27 00:22:13 [emerg] 1#1: host not found in "${NGINX_PORT}" of the "listen" directive in /etc/nginx/nginx.conf:5
2025/04/27 00:23:13 [emerg] 1#1: host not found in "${NGINX_PORT}" of the "listen" directive in /etc/nginx/nginx.conf:5
2025/04/27 00:24:14 [emerg] 1#1: host not found in "${NGINX_PORT}" of the "listen" directive in /etc/nginx/nginx.conf:5
2025/04/27 00:25:15 [emerg] 1#1: host not found in "${NGINX_PORT}" of the "listen" directive in /etc/nginx/nginx.conf:5
2025/04/27 00:26:15 [emerg] 1#1: host not found in "${NGINX_PORT}" of the "listen" directive in /etc/nginx/nginx.conf:5
2025/04/27 00:27:16 [emerg] 1#1: host not found in "${NGINX_PORT}" of the "listen" directive in /etc/nginx/nginx.conf:5
2025/04/27 00:28:16 [emerg] 1#1: host not found in "${NGINX_PORT}" of the "listen" directive in /etc/nginx/nginx.conf:5
2025/04/27 00:29:17 [emerg] 1#1: host not found in "${NGINX_PORT}" of the "listen" directive in /etc/nginx/nginx.conf:5
2025/04/27 00:30:17 [emerg] 1#1: host not found in "${NGINX_PORT}" of the "listen" directive in /etc/nginx/nginx.conf:5
2025/04/27 00:31:18 [emerg] 1#1: host not found in "${NGINX_PORT}" of the "listen" directive in /etc/nginx/nginx.conf:5
2025/04/27 00:32:19 [emerg] 1#1: host not found in "${NGINX_PORT}" of the "listen" directive in /etc/nginx/nginx.conf:5
2025/04/27 00:33:19 [emerg] 1#1: host not found in "${NGINX_PORT}" of the "listen" directive in /etc/nginx/nginx.conf:5
2025/04/27 00:34:20 [emerg] 1#1: host not found in "${NGINX_PORT}" of the "listen" directive in /etc/nginx/nginx.conf:5
2025/04/27 00:35:20 [emerg] 1#1: host not found in "${NGINX_PORT}" of the "listen" directive in /etc/nginx/nginx.conf:5
2025/04/27 00:36:21 [emerg] 1#1: host not found in "${NGINX_PORT}" of the "listen" directive in /etc/nginx/nginx.conf:5
2025/04/27 00:37:21 [emerg] 1#1: host not found in "${NGINX_PORT}" of the "listen" directive in /etc/nginx/nginx.conf:5
2025/04/27 00:38:22 [emerg] 1#1: host not found in "${NGINX_PORT}" of the "listen" directive in /etc/nginx/nginx.conf:5
2025/04/27 00:39:23 [emerg] 1#1: host not found in "${NGINX_PORT}" of the "listen" directive in /etc/nginx/nginx.conf:5
2025/04/27 00:40:23 [emerg] 1#1: host not found in "${NGINX_PORT}" of the "listen" directive in /etc/nginx/nginx.conf:5
2025/04/27 00:41:24 [emerg] 1#1: host not found in "${NGINX_PORT}" of the "listen" directive in /etc/nginx/nginx.conf:5
2025/04/27 00:42:24 [emerg] 1#1: host not found in "${NGINX_PORT}" of the "listen" directive in /etc/nginx/nginx.conf:5
2025/04/27 00:43:25 [emerg] 1#1: host not found in "${NGINX_PORT}" of the "listen" directive in /etc/nginx/nginx.conf:5
2025/04/27 00:44:26 [emerg] 1#1: host not found in "${NGINX_PORT}" of the "listen" directive in /etc/nginx/nginx.conf:5
2025/04/27 00:45:26 [emerg] 1#1: host not found in "${NGINX_PORT}" of the "listen" directive in /etc/nginx/nginx.conf:5
2025/04/27 00:46:27 [emerg] 1#1: host not found in "${NGINX_PORT}" of the "listen" directive in /etc/nginx/nginx.conf:5
2025/04/27 00:47:28 [emerg] 1#1: host not found in "${NGINX_PORT}" of the "listen" directive in /etc/nginx/nginx.conf:5
2025/04/27 00:48:28 [emerg] 1#1: host not found in "${NGINX_PORT}" of the "listen" directive in /etc/nginx/nginx.conf:5
2025/04/27 00:49:29 [emerg] 1#1: host not found in "${NGINX_PORT}" of the "listen" directive in /etc/nginx/nginx.conf:5
2025/04/27 00:50:29 [emerg] 1#1: host not found in "${NGINX_PORT}" of the "listen" directive in /etc/nginx/nginx.conf:5
2025/04/27 00:51:30 [emerg] 1#1: host not found in "${NGINX_PORT}" of the "listen" directive in /etc/nginx/nginx.conf:5
2025/04/27 00:52:31 [emerg] 1#1: host not found in "${NGINX_PORT}" of the "listen" directive in /etc/nginx/nginx.conf:5
2025/04/27 00:53:31 [emerg] 1#1: host not found in "${NGINX_PORT}" of the "listen" directive in /etc/nginx/nginx.conf:5
2025/04/27 00:54:32 [emerg] 1#1: host not found in "${NGINX_PORT}" of the "listen" directive in /etc/nginx/nginx.conf:5
2025/04/27 00:55:32 [emerg] 1#1: host not found in "${NGINX_PORT}" of the "listen" directive in /etc/nginx/nginx.conf:5
2025/04/27 00:56:33 [emerg] 1#1: host not found in "${NGINX_PORT}" of the "listen" directive in /etc/nginx/nginx.conf:5
2025/04/27 00:57:34 [emerg] 1#1: host not found in "${NGINX_PORT}" of the "listen" directive in /etc/nginx/nginx.conf:5
2025/04/27 00:58:34 [emerg] 1#1: host not found in "${NGINX_PORT}" of the "listen" directive in /etc/nginx/nginx.conf:5
2025/04/27 00:59:35 [emerg] 1#1: host not found in "${NGINX_PORT}" of the "listen" directive in /etc/nginx/nginx.conf:5
2025/04/27 01:00:35 [emerg] 1#1: host not found in "${NGINX_PORT}" of the "listen" directive in /etc/nginx/nginx.conf:5
2025/04/27 01:01:36 [emerg] 1#1: host not found in "${NGINX_PORT}" of the "listen" directive in /etc/nginx/nginx.conf:5
